# JRE version: Java(TM) SE Runtime Environment (24.0.1+9) (build 24.0.1+9-30)
# Java VM: Java HotSpot(TM) 64-Bit Server VM (24.0.1+9-30, mixed mode, sharing, tiered, compressed oops, compressed class ptrs, g1 gc, windows-amd64)
GC Precious Log:
 CardTable entry size: 512
 Card Set container configuration: InlinePtr #cards 4 size 8 Array Of Cards #cards 32 size 80 Howl #buckets 8 coarsen threshold 7372 Howl Bitmap #cards 1024 size 144 coarsen threshold 921 Card regions per heap region 1 cards per card region 8192
 CPUs: 4 total, 4 available
 Memory: 7808M
 Large Page Support: Disabled
 NUMA Support: Disabled
 Compressed Oops: Enabled (Zero based)
 Heap Region Size: 4M
 Heap Min Capacity: 8M
 Heap Initial Capacity: 124M
 Heap Max Capacity: 8G
 Pre-touch: Disabled
 Parallel Workers: 4
 Concurrent Workers: 1
 Concurrent Refinement Workers: 4
 Periodic GC: Disabled
Heap:
 garbage-first heap   total reserved 8388608K, committed 118784K, used 80409K [0x0000000600000000, 0x0000000800000000)
  region size 4096K, 6 young (24576K), 2 survivors (8192K)
 Metaspace       used 71339K, committed 73408K, reserved 1114112K
  class space    used 8110K, committed 9088K, reserved 1048576K
GC Heap History (20 events):
Event: 67.714 GC heap before
{Heap before GC invocations=16 (full 0):
 garbage-first heap   total reserved 8388608K, committed 98304K, used 77094K [0x0000000600000000, 0x0000000800000000)
  region size 4096K, 10 young (40960K), 2 survivors (8192K)
 Metaspace       used 53419K, committed 55296K, reserved 1114112K
  class space    used 6063K, committed 6912K, reserved 1048576K
}
Event: 67.733 GC heap after
{Heap after GC invocations=17 (full 0):
 garbage-first heap   total reserved 8388608K, committed 98304K, used 48445K [0x0000000600000000, 0x0000000800000000)
  region size 4096K, 2 young (8192K), 2 survivors (8192K)
 Metaspace       used 53419K, committed 55296K, reserved 1114112K
  class space    used 6063K, committed 6912K, reserved 1048576K
}
Event: 70.486 GC heap before
{Heap before GC invocations=17 (full 0):
 garbage-first heap   total reserved 8388608K, committed 98304K, used 77117K [0x0000000600000000, 0x0000000800000000)
  region size 4096K, 10 young (40960K), 2 survivors (8192K)
 Metaspace       used 55891K, committed 57664K, reserved 1114112K
  class space    used 6294K, committed 7104K, reserved 1048576K
}
Event: 70.501 GC heap after
{Heap after GC invocations=18 (full 0):
 garbage-first heap   total reserved 8388608K, committed 98304K, used 47662K [0x0000000600000000, 0x0000000800000000)
  region size 4096K, 1 young (4096K), 1 survivors (4096K)
 Metaspace       used 55891K, committed 57664K, reserved 1114112K
  class space    used 6294K, committed 7104K, reserved 1048576K
}
Event: 72.543 GC heap before
{Heap before GC invocations=18 (full 0):
 garbage-first heap   total reserved 8388608K, committed 98304K, used 76334K [0x0000000600000000, 0x0000000800000000)
  region size 4096K, 9 young (36864K), 1 survivors (4096K)
 Metaspace       used 58099K, committed 60096K, reserved 1114112K
  class space    used 6614K, committed 7552K, reserved 1048576K
}
Event: 72.552 GC heap after
{Heap after GC invocations=19 (full 0):
 garbage-first heap   total reserved 8388608K, committed 98304K, used 48375K [0x0000000600000000, 0x0000000800000000)
  region size 4096K, 2 young (8192K), 2 survivors (8192K)
 Metaspace       used 58099K, committed 60096K, reserved 1114112K
  class space    used 6614K, committed 7552K, reserved 1048576K
}
Event: 75.661 GC heap before
{Heap before GC invocations=20 (full 0):
 garbage-first heap   total reserved 8388608K, committed 98304K, used 77047K [0x0000000600000000, 0x0000000800000000)
  region size 4096K, 9 young (36864K), 2 survivors (8192K)
 Metaspace       used 60660K, committed 62784K, reserved 1114112K
  class space    used 6877K, committed 7872K, reserved 1048576K
}
Event: 75.677 GC heap after
{Heap after GC invocations=21 (full 0):
 garbage-first heap   total reserved 8388608K, committed 98304K, used 57886K [0x0000000600000000, 0x0000000800000000)
  region size 4096K, 2 young (8192K), 2 survivors (8192K)
 Metaspace       used 60660K, committed 62784K, reserved 1114112K
  class space    used 6877K, committed 7872K, reserved 1048576K
}
Event: 77.751 GC heap before
{Heap before GC invocations=21 (full 0):
 garbage-first heap   total reserved 8388608K, committed 98304K, used 78366K [0x0000000600000000, 0x0000000800000000)
  region size 4096K, 7 young (28672K), 2 survivors (8192K)
 Metaspace       used 62487K, committed 64576K, reserved 1114112K
  class space    used 7085K, committed 8064K, reserved 1048576K
}
Event: 77.764 GC heap after
{Heap after GC invocations=22 (full 0):
 garbage-first heap   total reserved 8388608K, committed 98304K, used 56504K [0x0000000600000000, 0x0000000800000000)
  region size 4096K, 1 young (4096K), 1 survivors (4096K)
 Metaspace       used 62487K, committed 64576K, reserved 1114112K
  class space    used 7085K, committed 8064K, reserved 1048576K
}
Event: 79.749 GC heap before
{Heap before GC invocations=22 (full 0):
 garbage-first heap   total reserved 8388608K, committed 98304K, used 81080K [0x0000000600000000, 0x0000000800000000)
  region size 4096K, 7 young (28672K), 1 survivors (4096K)
 Metaspace       used 65159K, committed 67264K, reserved 1114112K
  class space    used 7365K, committed 8384K, reserved 1048576K
}
Event: 79.754 GC heap after
{Heap after GC invocations=23 (full 0):
 garbage-first heap   total reserved 8388608K, committed 98304K, used 57522K [0x0000000600000000, 0x0000000800000000)
  region size 4096K, 1 young (4096K), 1 survivors (4096K)
 Metaspace       used 65159K, committed 67264K, reserved 1114112K
  class space    used 7365K, committed 8384K, reserved 1048576K
}
Event: 80.605 GC heap before
{Heap before GC invocations=24 (full 0):
 garbage-first heap   total reserved 8388608K, committed 102400K, used 82098K [0x0000000600000000, 0x0000000800000000)
  region size 4096K, 7 young (28672K), 1 survivors (4096K)
 Metaspace       used 66940K, committed 69056K, reserved 1114112K
  class space    used 7555K, committed 8576K, reserved 1048576K
}
Event: 80.611 GC heap after
{Heap after GC invocations=25 (full 0):
 garbage-first heap   total reserved 8388608K, committed 102400K, used 58487K [0x0000000600000000, 0x0000000800000000)
  region size 4096K, 1 young (4096K), 1 survivors (4096K)
 Metaspace       used 66940K, committed 69056K, reserved 1114112K
  class space    used 7555K, committed 8576K, reserved 1048576K
}
Event: 80.680 GC heap before
{Heap before GC invocations=25 (full 0):
 garbage-first heap   total reserved 8388608K, committed 102400K, used 58487K [0x0000000600000000, 0x0000000800000000)
  region size 4096K, 2 young (8192K), 1 survivors (4096K)
 Metaspace       used 67089K, committed 69184K, reserved 1114112K
  class space    used 7573K, committed 8576K, reserved 1048576K
}
Event: 80.686 GC heap after
{Heap after GC invocations=26 (full 0):
 garbage-first heap   total reserved 8388608K, committed 102400K, used 58740K [0x0000000600000000, 0x0000000800000000)
  region size 4096K, 1 young (4096K), 1 survivors (4096K)
 Metaspace       used 67089K, committed 69184K, reserved 1114112K
  class space    used 7573K, committed 8576K, reserved 1048576K
}
Event: 82.288 GC heap before
{Heap before GC invocations=27 (full 0):
 garbage-first heap   total reserved 8388608K, committed 110592K, used 91508K [0x0000000600000000, 0x0000000800000000)
  region size 4096K, 8 young (32768K), 1 survivors (4096K)
 Metaspace       used 68783K, committed 70848K, reserved 1114112K
  class space    used 7781K, committed 8768K, reserved 1048576K
}
Event: 82.292 GC heap after
{Heap after GC invocations=28 (full 0):
 garbage-first heap   total reserved 8388608K, committed 110592K, used 64204K [0x0000000600000000, 0x0000000800000000)
  region size 4096K, 1 young (4096K), 1 survivors (4096K)
 Metaspace       used 68783K, committed 70848K, reserved 1114112K
  class space    used 7781K, committed 8768K, reserved 1048576K
}
Event: 84.229 GC heap before
{Heap before GC invocations=28 (full 0):
 garbage-first heap   total reserved 8388608K, committed 110592K, used 92876K [0x0000000600000000, 0x0000000800000000)
  region size 4096K, 9 young (36864K), 1 survivors (4096K)
 Metaspace       used 70303K, committed 72320K, reserved 1114112K
  class space    used 7979K, committed 8960K, reserved 1048576K
}
Event: 84.246 GC heap after
{Heap after GC invocations=29 (full 0):
 garbage-first heap   total reserved 8388608K, committed 110592K, used 68121K [0x0000000600000000, 0x0000000800000000)
  region size 4096K, 2 young (8192K), 2 survivors (8192K)
 Metaspace       used 70303K, committed 72320K, reserved 1114112K
  class space    used 7979K, committed 8960K, reserved 1048576K
}

