# JRE version: OpenJDK Runtime Environment Temurin-21.0.10+7 (21.0.10+7) (build 21.0.10+7-LTS)
# Java VM: OpenJDK 64-Bit Server VM Temurin-21.0.10+7 (21.0.10+7-LTS, mixed mode, sharing, tiered, compressed oops, compressed class ptrs, parallel gc, windows-amd64)
GC Precious Log:
 CardTable entry size: 512
 CPUs: 4 total, 4 available
 Memory: 7808M
 Large Page Support: Disabled
 NUMA Support: Disabled
 Compressed Oops: Enabled (32-bit)
 Alignments: Space 512K, Generation 512K, Heap 2M
 Heap Min Capacity: 100M
 Heap Initial Capacity: 100M
 Heap Max Capacity: 2G
 Pre-touch: Disabled
 Parallel Workers: 4
Heap:
 PSYoungGen      total 2560K, used 1577K [0x00000000d5580000, 0x00000000d5900000, 0x0000000100000000)
  eden space 2048K, 70% used [0x00000000d5580000,0x00000000d56ea4f0,0x00000000d5780000)
  from space 512K, 25% used [0x00000000d5800000,0x00000000d5820000,0x00000000d5880000)
  to   space 512K, 0% used [0x00000000d5880000,0x00000000d5880000,0x00000000d5900000)
 ParOldGen       total 199168K, used 198762K [0x0000000080000000, 0x000000008c280000, 0x00000000d5580000)
  object space 199168K, 99% used [0x0000000080000000,0x000000008c21aac8,0x000000008c280000)
 Metaspace       used 75766K, committed 77248K, reserved 1179648K
  class space    used 7626K, committed 8320K, reserved 1048576K
GC Heap History (20 events):
Event: 20754.856 GC heap before
{Heap before GC invocations=666 (full 5):
 PSYoungGen      total 1536K, used 1344K [0x00000000d5580000, 0x00000000d5880000, 0x0000000100000000)
  eden space 1024K, 100% used [0x00000000d5580000,0x00000000d5680000,0x00000000d5680000)
  from space 512K, 62% used [0x00000000d5680000,0x00000000d56d0000,0x00000000d5700000)
  to   space 1024K, 0% used [0x00000000d5780000,0x00000000d5780000,0x00000000d5880000)
 ParOldGen       total 194560K, used 194316K [0x0000000080000000, 0x000000008be00000, 0x00000000d5580000)
  object space 194560K, 99% used [0x0000000080000000,0x000000008bdc32e8,0x000000008be00000)
 Metaspace       used 75621K, committed 76992K, reserved 1179648K
  class space    used 7607K, committed 8256K, reserved 1048576K
}
Event: 20754.859 GC heap after
{Heap after GC invocations=666 (full 5):
 PSYoungGen      total 1536K, used 128K [0x00000000d5580000, 0x00000000d5800000, 0x0000000100000000)
  eden space 1024K, 0% used [0x00000000d5580000,0x00000000d5580000,0x00000000d5680000)
  from space 512K, 25% used [0x00000000d5780000,0x00000000d57a0000,0x00000000d5800000)
  to   space 512K, 0% used [0x00000000d5680000,0x00000000d5680000,0x00000000d5700000)
 ParOldGen       total 195072K, used 194572K [0x0000000080000000, 0x000000008be80000, 0x00000000d5580000)
  object space 195072K, 99% used [0x0000000080000000,0x000000008be032e8,0x000000008be80000)
 Metaspace       used 75621K, committed 76992K, reserved 1179648K
  class space    used 7607K, committed 8256K, reserved 1048576K
}
Event: 20754.866 GC heap before
{Heap before GC invocations=667 (full 5):
 PSYoungGen      total 1536K, used 1152K [0x00000000d5580000, 0x00000000d5800000, 0x0000000100000000)
  eden space 1024K, 100% used [0x00000000d5580000,0x00000000d5680000,0x00000000d5680000)
  from space 512K, 25% used [0x00000000d5780000,0x00000000d57a0000,0x00000000d5800000)
  to   space 512K, 0% used [0x00000000d5680000,0x00000000d5680000,0x00000000d5700000)
 ParOldGen       total 195072K, used 194572K [0x0000000080000000, 0x000000008be80000, 0x00000000d5580000)
  object space 195072K, 99% used [0x0000000080000000,0x000000008be032e8,0x000000008be80000)
 Metaspace       used 75632K, committed 76992K, reserved 1179648K
  class space    used 7609K, committed 8256K, reserved 1048576K
}
Event: 20754.868 GC heap after
{Heap after GC invocations=667 (full 5):
 PSYoungGen      total 1536K, used 493K [0x00000000d5580000, 0x00000000d5880000, 0x0000000100000000)
  eden space 1024K, 0% used [0x00000000d5580000,0x00000000d5580000,0x00000000d5680000)
  from space 512K, 96% used [0x00000000d5680000,0x00000000d56fb7e0,0x00000000d5700000)
  to   space 1024K, 0% used [0x00000000d5780000,0x00000000d5780000,0x00000000d5880000)
 ParOldGen       total 195072K, used 194900K [0x0000000080000000, 0x000000008be80000, 0x00000000d5580000)
  object space 195072K, 99% used [0x0000000080000000,0x000000008be552e8,0x000000008be80000)
 Metaspace       used 75632K, committed 76992K, reserved 1179648K
  class space    used 7609K, committed 8256K, reserved 1048576K
}
Event: 20754.873 GC heap before
{Heap before GC invocations=668 (full 5):
 PSYoungGen      total 1536K, used 1517K [0x00000000d5580000, 0x00000000d5880000, 0x0000000100000000)
  eden space 1024K, 100% used [0x00000000d5580000,0x00000000d5680000,0x00000000d5680000)
  from space 512K, 96% used [0x00000000d5680000,0x00000000d56fb7e0,0x00000000d5700000)
  to   space 1024K, 0% used [0x00000000d5780000,0x00000000d5780000,0x00000000d5880000)
 ParOldGen       total 195072K, used 194900K [0x0000000080000000, 0x000000008be80000, 0x00000000d5580000)
  object space 195072K, 99% used [0x0000000080000000,0x000000008be552e8,0x000000008be80000)
 Metaspace       used 75632K, committed 76992K, reserved 1179648K
  class space    used 7609K, committed 8256K, reserved 1048576K
}
Event: 20754.877 GC heap after
{Heap after GC invocations=668 (full 5):
 PSYoungGen      total 1536K, used 1024K [0x00000000d5580000, 0x00000000d5b00000, 0x0000000100000000)
  eden space 512K, 0% used [0x00000000d5580000,0x00000000d5580000,0x00000000d5600000)
  from space 1024K, 100% used [0x00000000d5780000,0x00000000d5880000,0x00000000d5880000)
  to   space 1536K, 0% used [0x00000000d5600000,0x00000000d5600000,0x00000000d5780000)
 ParOldGen       total 195584K, used 195410K [0x0000000080000000, 0x000000008bf00000, 0x00000000d5580000)
  object space 195584K, 99% used [0x0000000080000000,0x000000008bed4ac8,0x000000008bf00000)
 Metaspace       used 75632K, committed 76992K, reserved 1179648K
  class space    used 7609K, committed 8256K, reserved 1048576K
}
Event: 20754.880 GC heap before
{Heap before GC invocations=669 (full 5):
 PSYoungGen      total 1536K, used 1535K [0x00000000d5580000, 0x00000000d5b00000, 0x0000000100000000)
  eden space 512K, 99% used [0x00000000d5580000,0x00000000d55fffb8,0x00000000d5600000)
  from space 1024K, 100% used [0x00000000d5780000,0x00000000d5880000,0x00000000d5880000)
  to   space 1536K, 0% used [0x00000000d5600000,0x00000000d5600000,0x00000000d5780000)
 ParOldGen       total 195584K, used 195410K [0x0000000080000000, 0x000000008bf00000, 0x00000000d5580000)
  object space 195584K, 99% used [0x0000000080000000,0x000000008bed4ac8,0x000000008bf00000)
 Metaspace       used 75632K, committed 76992K, reserved 1179648K
  class space    used 7609K, committed 8256K, reserved 1048576K
}
Event: 20754.883 GC heap after
{Heap after GC invocations=669 (full 5):
 PSYoungGen      total 2048K, used 512K [0x00000000d5580000, 0x00000000d5880000, 0x0000000100000000)
  eden space 512K, 0% used [0x00000000d5580000,0x00000000d5580000,0x00000000d5600000)
  from space 1536K, 33% used [0x00000000d5600000,0x00000000d5680000,0x00000000d5780000)
  to   space 1024K, 0% used [0x00000000d5780000,0x00000000d5780000,0x00000000d5880000)
 ParOldGen       total 196608K, used 196418K [0x0000000080000000, 0x000000008c000000, 0x00000000d5580000)
  object space 196608K, 99% used [0x0000000080000000,0x000000008bfd0ac8,0x000000008c000000)
 Metaspace       used 75632K, committed 76992K, reserved 1179648K
  class space    used 7609K, committed 8256K, reserved 1048576K
}
Event: 20754.885 GC heap before
{Heap before GC invocations=670 (full 5):
 PSYoungGen      total 2048K, used 1024K [0x00000000d5580000, 0x00000000d5880000, 0x0000000100000000)
  eden space 512K, 100% used [0x00000000d5580000,0x00000000d5600000,0x00000000d5600000)
  from space 1536K, 33% used [0x00000000d5600000,0x00000000d5680000,0x00000000d5780000)
  to   space 1024K, 0% used [0x00000000d5780000,0x00000000d5780000,0x00000000d5880000)
 ParOldGen       total 196608K, used 196418K [0x0000000080000000, 0x000000008c000000, 0x00000000d5580000)
  object space 196608K, 99% used [0x0000000080000000,0x000000008bfd0ac8,0x000000008c000000)
 Metaspace       used 75632K, committed 76992K, reserved 1179648K
  class space    used 7609K, committed 8256K, reserved 1048576K
}
Event: 20754.889 GC heap after
{Heap after GC invocations=670 (full 5):
 PSYoungGen      total 2048K, used 512K [0x00000000d5580000, 0x00000000d5880000, 0x0000000100000000)
  eden space 1024K, 0% used [0x00000000d5580000,0x00000000d5580000,0x00000000d5680000)
  from space 1024K, 50% used [0x00000000d5780000,0x00000000d5800000,0x00000000d5880000)
  to   space 1024K, 0% used [0x00000000d5680000,0x00000000d5680000,0x00000000d5780000)
 ParOldGen       total 197120K, used 196906K [0x0000000080000000, 0x000000008c080000, 0x00000000d5580000)
  object space 197120K, 99% used [0x0000000080000000,0x000000008c04aac8,0x000000008c080000)
 Metaspace       used 75632K, committed 76992K, reserved 1179648K
  class space    used 7609K, committed 8256K, reserved 1048576K
}
Event: 20754.896 GC heap before
{Heap before GC invocations=671 (full 5):
 PSYoungGen      total 2048K, used 1536K [0x00000000d5580000, 0x00000000d5880000, 0x0000000100000000)
  eden space 1024K, 100% used [0x00000000d5580000,0x00000000d5680000,0x00000000d5680000)
  from space 1024K, 50% used [0x00000000d5780000,0x00000000d5800000,0x00000000d5880000)
  to   space 1024K, 0% used [0x00000000d5680000,0x00000000d5680000,0x00000000d5780000)
 ParOldGen       total 197120K, used 196906K [0x0000000080000000, 0x000000008c080000, 0x00000000d5580000)
  object space 197120K, 99% used [0x0000000080000000,0x000000008c04aac8,0x000000008c080000)
 Metaspace       used 75639K, committed 76992K, reserved 1179648K
  class space    used 7609K, committed 8256K, reserved 1048576K
}
Event: 20754.899 GC heap after
{Heap after GC invocations=671 (full 5):
 PSYoungGen      total 2048K, used 992K [0x00000000d5580000, 0x00000000d5a00000, 0x0000000100000000)
  eden space 1024K, 0% used [0x00000000d5580000,0x00000000d5580000,0x00000000d5680000)
  from space 1024K, 96% used [0x00000000d5680000,0x00000000d5778000,0x00000000d5780000)
  to   space 1536K, 0% used [0x00000000d5880000,0x00000000d5880000,0x00000000d5a00000)
 ParOldGen       total 197632K, used 197402K [0x0000000080000000, 0x000000008c100000, 0x00000000d5580000)
  object space 197632K, 99% used [0x0000000080000000,0x000000008c0c6ac8,0x000000008c100000)
 Metaspace       used 75639K, committed 76992K, reserved 1179648K
  class space    used 7609K, committed 8256K, reserved 1048576K
}
Event: 20841.935 GC heap before
{Heap before GC invocations=672 (full 5):
 PSYoungGen      total 2048K, used 2016K [0x00000000d5580000, 0x00000000d5a00000, 0x0000000100000000)
  eden space 1024K, 100% used [0x00000000d5580000,0x00000000d5680000,0x00000000d5680000)
  from space 1024K, 96% used [0x00000000d5680000,0x00000000d5778000,0x00000000d5780000)
  to   space 1536K, 0% used [0x00000000d5880000,0x00000000d5880000,0x00000000d5a00000)
 ParOldGen       total 197632K, used 197402K [0x0000000080000000, 0x000000008c100000, 0x00000000d5580000)
  object space 197632K, 99% used [0x0000000080000000,0x000000008c0c6ac8,0x000000008c100000)
 Metaspace       used 75678K, committed 77056K, reserved 1179648K
  class space    used 7615K, committed 8256K, reserved 1048576K
}
Event: 20841.987 GC heap after
{Heap after GC invocations=672 (full 5):
 PSYoungGen      total 2048K, used 160K [0x00000000d5580000, 0x00000000d5900000, 0x0000000100000000)
  eden space 1536K, 0% used [0x00000000d5580000,0x00000000d5580000,0x00000000d5700000)
  from space 512K, 31% used [0x00000000d5880000,0x00000000d58a8000,0x00000000d5900000)
  to   space 512K, 0% used [0x00000000d5800000,0x00000000d5800000,0x00000000d5880000)
 ParOldGen       total 198656K, used 198378K [0x0000000080000000, 0x000000008c200000, 0x00000000d5580000)
  object space 198656K, 99% used [0x0000000080000000,0x000000008c1baac8,0x000000008c200000)
 Metaspace       used 75678K, committed 77056K, reserved 1179648K
  class space    used 7615K, committed 8256K, reserved 1048576K
}
Event: 20842.263 GC heap before
{Heap before GC invocations=673 (full 5):
 PSYoungGen      total 2048K, used 1696K [0x00000000d5580000, 0x00000000d5900000, 0x0000000100000000)
  eden space 1536K, 100% used [0x00000000d5580000,0x00000000d5700000,0x00000000d5700000)
  from space 512K, 31% used [0x00000000d5880000,0x00000000d58a8000,0x00000000d5900000)
  to   space 512K, 0% used [0x00000000d5800000,0x00000000d5800000,0x00000000d5880000)
 ParOldGen       total 198656K, used 198378K [0x0000000080000000, 0x000000008c200000, 0x00000000d5580000)
  object space 198656K, 99% used [0x0000000080000000,0x000000008c1baac8,0x000000008c200000)
 Metaspace       used 75756K, committed 77248K, reserved 1179648K
  class space    used 7626K, committed 8320K, reserved 1048576K
}
Event: 20842.266 GC heap after
{Heap after GC invocations=673 (full 5):
 PSYoungGen      total 2560K, used 256K [0x00000000d5580000, 0x00000000d5900000, 0x0000000100000000)
  eden space 2048K, 0% used [0x00000000d5580000,0x00000000d5580000,0x00000000d5780000)
  from space 512K, 50% used [0x00000000d5800000,0x00000000d5840000,0x00000000d5880000)
  to   space 512K, 0% used [0x00000000d5880000,0x00000000d5880000,0x00000000d5900000)
 ParOldGen       total 198656K, used 198498K [0x0000000080000000, 0x000000008c200000, 0x00000000d5580000)
  object space 198656K, 99% used [0x0000000080000000,0x000000008c1d8ac8,0x000000008c200000)
 Metaspace       used 75756K, committed 77248K, reserved 1179648K
  class space    used 7626K, committed 8320K, reserved 1048576K
}
Event: 22714.915 GC heap before
{Heap before GC invocations=674 (full 5):
 PSYoungGen      total 2560K, used 2304K [0x00000000d5580000, 0x00000000d5900000, 0x0000000100000000)
  eden space 2048K, 100% used [0x00000000d5580000,0x00000000d5780000,0x00000000d5780000)
  from space 512K, 50% used [0x00000000d5800000,0x00000000d5840000,0x00000000d5880000)
  to   space 512K, 0% used [0x00000000d5880000,0x00000000d5880000,0x00000000d5900000)
 ParOldGen       total 198656K, used 198498K [0x0000000080000000, 0x000000008c200000, 0x00000000d5580000)
  object space 198656K, 99% used [0x0000000080000000,0x000000008c1d8ac8,0x000000008c200000)
 Metaspace       used 75760K, committed 77248K, reserved 1179648K
  class space    used 7626K, committed 8320K, reserved 1048576K
}
Event: 22715.176 GC heap after
{Heap after GC invocations=674 (full 5):
 PSYoungGen      total 2560K, used 425K [0x00000000d5580000, 0x00000000d5900000, 0x0000000100000000)
  eden space 2048K, 0% used [0x00000000d5580000,0x00000000d5580000,0x00000000d5780000)
  from space 512K, 83% used [0x00000000d5880000,0x00000000d58ea420,0x00000000d5900000)
  to   space 512K, 0% used [0x00000000d5800000,0x00000000d5800000,0x00000000d5880000)
 ParOldGen       total 199168K, used 198674K [0x0000000080000000, 0x000000008c280000, 0x00000000d5580000)
  object space 199168K, 99% used [0x0000000080000000,0x000000008c204ac8,0x000000008c280000)
 Metaspace       used 75760K, committed 77248K, reserved 1179648K
  class space    used 7626K, committed 8320K, reserved 1048576K
}
Event: 28478.807 GC heap before
{Heap before GC invocations=675 (full 5):
 PSYoungGen      total 2560K, used 2473K [0x00000000d5580000, 0x00000000d5900000, 0x0000000100000000)
  eden space 2048K, 100% used [0x00000000d5580000,0x00000000d5780000,0x00000000d5780000)
  from space 512K, 83% used [0x00000000d5880000,0x00000000d58ea420,0x00000000d5900000)
  to   space 512K, 0% used [0x00000000d5800000,0x00000000d5800000,0x00000000d5880000)
 ParOldGen       total 199168K, used 198674K [0x0000000080000000, 0x000000008c280000, 0x00000000d5580000)
  object space 199168K, 99% used [0x0000000080000000,0x000000008c204ac8,0x000000008c280000)
 Metaspace       used 75762K, committed 77248K, reserved 1179648K
  class space    used 7626K, committed 8320K, reserved 1048576K
}
Event: 28478.926 GC heap after
{Heap after GC invocations=675 (full 5):
 PSYoungGen      total 2560K, used 128K [0x00000000d5580000, 0x00000000d5900000, 0x0000000100000000)
  eden space 2048K, 0% used [0x00000000d5580000,0x00000000d5580000,0x00000000d5780000)
  from space 512K, 25% used [0x00000000d5800000,0x00000000d5820000,0x00000000d5880000)
  to   space 512K, 0% used [0x00000000d5880000,0x00000000d5880000,0x00000000d5900000)
 ParOldGen       total 199168K, used 198762K [0x0000000080000000, 0x000000008c280000, 0x00000000d5580000)
  object space 199168K, 99% used [0x0000000080000000,0x000000008c21aac8,0x000000008c280000)
 Metaspace       used 75762K, committed 77248K, reserved 1179648K
  class space    used 7626K, committed 8320K, reserved 1048576K
}

