# JRE version: OpenJDK Runtime Environment Temurin-21.0.10+7 (21.0.10+7) (build 21.0.10+7-LTS)
# Java VM: OpenJDK 64-Bit Server VM Temurin-21.0.10+7 (21.0.10+7-LTS, mixed mode, sharing, tiered, compressed oops, compressed class ptrs, parallel gc, windows-amd64)
GC Precious Log:
 CardTable entry size: 512
 CPUs: 4 total, 4 available
 Memory: 7808M
 Large Page Support: Disabled
 NUMA Support: Disabled
 Compressed Oops: Enabled (32-bit)
 Alignments: Space 512K, Generation 512K, Heap 2M
 Heap Min Capacity: 100M
 Heap Initial Capacity: 100M
 Heap Max Capacity: 2G
 Pre-touch: Disabled
 Parallel Workers: 4
Heap:
 PSYoungGen      total 11776K, used 4048K [0x00000000d5580000, 0x00000000d6d80000, 0x0000000100000000)
  eden space 9728K, 21% used [0x00000000d5580000,0x00000000d578c3b0,0x00000000d5f00000)
  from space 2048K, 95% used [0x00000000d6b80000,0x00000000d6d68010,0x00000000d6d80000)
  to   space 5632K, 0% used [0x00000000d6280000,0x00000000d6280000,0x00000000d6800000)
 ParOldGen       total 180224K, used 156558K [0x0000000080000000, 0x000000008b000000, 0x00000000d5580000)
  object space 180224K, 86% used [0x0000000080000000,0x00000000898e3b80,0x000000008b000000)
 Metaspace       used 87412K, committed 89152K, reserved 1179648K
  class space    used 10067K, committed 11072K, reserved 1048576K
GC Heap History (20 events):
Event: 7717.971 GC heap before
{Heap before GC invocations=175 (full 4):
 PSYoungGen      total 15360K, used 15168K [0x00000000d5580000, 0x00000000d7180000, 0x0000000100000000)
  eden space 12800K, 100% used [0x00000000d5580000,0x00000000d6200000,0x00000000d6200000)
  from space 2560K, 92% used [0x00000000d6f00000,0x00000000d7150000,0x00000000d7180000)
  to   space 3584K, 0% used [0x00000000d6a80000,0x00000000d6a80000,0x00000000d6e00000)
 ParOldGen       total 180224K, used 121765K [0x0000000080000000, 0x000000008b000000, 0x00000000d5580000)
  object space 180224K, 67% used [0x0000000080000000,0x00000000876e9580,0x000000008b000000)
 Metaspace       used 86347K, committed 88576K, reserved 1179648K
  class space    used 9988K, committed 11072K, reserved 1048576K
}
Event: 7718.001 GC heap after
{Heap after GC invocations=175 (full 4):
 PSYoungGen      total 15360K, used 2176K [0x00000000d5580000, 0x00000000d6f80000, 0x0000000100000000)
  eden space 12800K, 0% used [0x00000000d5580000,0x00000000d5580000,0x00000000d6200000)
  from space 2560K, 85% used [0x00000000d6a80000,0x00000000d6ca0010,0x00000000d6d00000)
  to   space 2560K, 0% used [0x00000000d6d00000,0x00000000d6d00000,0x00000000d6f80000)
 ParOldGen       total 180224K, used 124054K [0x0000000080000000, 0x000000008b000000, 0x00000000d5580000)
  object space 180224K, 68% used [0x0000000080000000,0x0000000087925be0,0x000000008b000000)
 Metaspace       used 86347K, committed 88576K, reserved 1179648K
  class space    used 9988K, committed 11072K, reserved 1048576K
}
Event: 7718.722 GC heap before
{Heap before GC invocations=176 (full 4):
 PSYoungGen      total 15360K, used 14976K [0x00000000d5580000, 0x00000000d6f80000, 0x0000000100000000)
  eden space 12800K, 100% used [0x00000000d5580000,0x00000000d6200000,0x00000000d6200000)
  from space 2560K, 85% used [0x00000000d6a80000,0x00000000d6ca0010,0x00000000d6d00000)
  to   space 2560K, 0% used [0x00000000d6d00000,0x00000000d6d00000,0x00000000d6f80000)
 ParOldGen       total 180224K, used 124054K [0x0000000080000000, 0x000000008b000000, 0x00000000d5580000)
  object space 180224K, 68% used [0x0000000080000000,0x0000000087925be0,0x000000008b000000)
 Metaspace       used 86515K, committed 88640K, reserved 1179648K
  class space    used 9996K, committed 11072K, reserved 1048576K
}
Event: 7718.777 GC heap after
{Heap after GC invocations=176 (full 4):
 PSYoungGen      total 15360K, used 2560K [0x00000000d5580000, 0x00000000d7600000, 0x0000000100000000)
  eden space 12800K, 0% used [0x00000000d5580000,0x00000000d5580000,0x00000000d6200000)
  from space 2560K, 100% used [0x00000000d6d00000,0x00000000d6f80000,0x00000000d6f80000)
  to   space 10240K, 0% used [0x00000000d6200000,0x00000000d6200000,0x00000000d6c00000)
 ParOldGen       total 180224K, used 130354K [0x0000000080000000, 0x000000008b000000, 0x00000000d5580000)
  object space 180224K, 72% used [0x0000000080000000,0x0000000087f4c8b8,0x000000008b000000)
 Metaspace       used 86515K, committed 88640K, reserved 1179648K
  class space    used 9996K, committed 11072K, reserved 1048576K
}
Event: 7724.632 GC heap before
{Heap before GC invocations=177 (full 4):
 PSYoungGen      total 15360K, used 15360K [0x00000000d5580000, 0x00000000d7600000, 0x0000000100000000)
  eden space 12800K, 100% used [0x00000000d5580000,0x00000000d6200000,0x00000000d6200000)
  from space 2560K, 100% used [0x00000000d6d00000,0x00000000d6f80000,0x00000000d6f80000)
  to   space 10240K, 0% used [0x00000000d6200000,0x00000000d6200000,0x00000000d6c00000)
 ParOldGen       total 180224K, used 130354K [0x0000000080000000, 0x000000008b000000, 0x00000000d5580000)
  object space 180224K, 72% used [0x0000000080000000,0x0000000087f4c8b8,0x000000008b000000)
 Metaspace       used 86544K, committed 88640K, reserved 1179648K
  class space    used 9996K, committed 11072K, reserved 1048576K
}
Event: 7724.656 GC heap after
{Heap after GC invocations=177 (full 4):
 PSYoungGen      total 23040K, used 9948K [0x00000000d5580000, 0x00000000d7700000, 0x0000000100000000)
  eden space 12800K, 0% used [0x00000000d5580000,0x00000000d5580000,0x00000000d6200000)
  from space 10240K, 97% used [0x00000000d6200000,0x00000000d6bb7230,0x00000000d6c00000)
  to   space 10752K, 0% used [0x00000000d6c80000,0x00000000d6c80000,0x00000000d7700000)
 ParOldGen       total 180224K, used 132950K [0x0000000080000000, 0x000000008b000000, 0x00000000d5580000)
  object space 180224K, 73% used [0x0000000080000000,0x00000000881d5908,0x000000008b000000)
 Metaspace       used 86544K, committed 88640K, reserved 1179648K
  class space    used 9996K, committed 11072K, reserved 1048576K
}
Event: 7730.563 GC heap before
{Heap before GC invocations=178 (full 4):
 PSYoungGen      total 23040K, used 22748K [0x00000000d5580000, 0x00000000d7700000, 0x0000000100000000)
  eden space 12800K, 100% used [0x00000000d5580000,0x00000000d6200000,0x00000000d6200000)
  from space 10240K, 97% used [0x00000000d6200000,0x00000000d6bb7230,0x00000000d6c00000)
  to   space 10752K, 0% used [0x00000000d6c80000,0x00000000d6c80000,0x00000000d7700000)
 ParOldGen       total 180224K, used 132950K [0x0000000080000000, 0x000000008b000000, 0x00000000d5580000)
  object space 180224K, 73% used [0x0000000080000000,0x00000000881d5908,0x000000008b000000)
 Metaspace       used 86551K, committed 88640K, reserved 1179648K
  class space    used 9996K, committed 11072K, reserved 1048576K
}
Event: 7730.584 GC heap after
{Heap after GC invocations=178 (full 4):
 PSYoungGen      total 16896K, used 3960K [0x00000000d5580000, 0x00000000d7080000, 0x0000000100000000)
  eden space 12800K, 0% used [0x00000000d5580000,0x00000000d5580000,0x00000000d6200000)
  from space 4096K, 96% used [0x00000000d6c80000,0x00000000d705e010,0x00000000d7080000)
  to   space 6656K, 0% used [0x00000000d6380000,0x00000000d6380000,0x00000000d6a00000)
 ParOldGen       total 180224K, used 135307K [0x0000000080000000, 0x000000008b000000, 0x00000000d5580000)
  object space 180224K, 75% used [0x0000000080000000,0x0000000088422c88,0x000000008b000000)
 Metaspace       used 86551K, committed 88640K, reserved 1179648K
  class space    used 9996K, committed 11072K, reserved 1048576K
}
Event: 7732.023 GC heap before
{Heap before GC invocations=179 (full 4):
 PSYoungGen      total 16896K, used 16760K [0x00000000d5580000, 0x00000000d7080000, 0x0000000100000000)
  eden space 12800K, 100% used [0x00000000d5580000,0x00000000d6200000,0x00000000d6200000)
  from space 4096K, 96% used [0x00000000d6c80000,0x00000000d705e010,0x00000000d7080000)
  to   space 6656K, 0% used [0x00000000d6380000,0x00000000d6380000,0x00000000d6a00000)
 ParOldGen       total 180224K, used 135307K [0x0000000080000000, 0x000000008b000000, 0x00000000d5580000)
  object space 180224K, 75% used [0x0000000080000000,0x0000000088422c88,0x000000008b000000)
 Metaspace       used 86875K, committed 88832K, reserved 1179648K
  class space    used 10025K, committed 11072K, reserved 1048576K
}
Event: 7732.033 GC heap after
{Heap after GC invocations=179 (full 4):
 PSYoungGen      total 16896K, used 3792K [0x00000000d5580000, 0x00000000d6d00000, 0x0000000100000000)
  eden space 12800K, 0% used [0x00000000d5580000,0x00000000d5580000,0x00000000d6200000)
  from space 4096K, 92% used [0x00000000d6380000,0x00000000d6734000,0x00000000d6780000)
  to   space 4608K, 0% used [0x00000000d6880000,0x00000000d6880000,0x00000000d6d00000)
 ParOldGen       total 180224K, used 137595K [0x0000000080000000, 0x000000008b000000, 0x00000000d5580000)
  object space 180224K, 76% used [0x0000000080000000,0x000000008865ec88,0x000000008b000000)
 Metaspace       used 86875K, committed 88832K, reserved 1179648K
  class space    used 10025K, committed 11072K, reserved 1048576K
}
Event: 7740.104 GC heap before
{Heap before GC invocations=180 (full 4):
 PSYoungGen      total 16896K, used 16592K [0x00000000d5580000, 0x00000000d6d00000, 0x0000000100000000)
  eden space 12800K, 100% used [0x00000000d5580000,0x00000000d6200000,0x00000000d6200000)
  from space 4096K, 92% used [0x00000000d6380000,0x00000000d6734000,0x00000000d6780000)
  to   space 4608K, 0% used [0x00000000d6880000,0x00000000d6880000,0x00000000d6d00000)
 ParOldGen       total 180224K, used 137595K [0x0000000080000000, 0x000000008b000000, 0x00000000d5580000)
  object space 180224K, 76% used [0x0000000080000000,0x000000008865ec88,0x000000008b000000)
 Metaspace       used 87182K, committed 89088K, reserved 1179648K
  class space    used 10057K, committed 11072K, reserved 1048576K
}
Event: 7740.122 GC heap after
{Heap after GC invocations=180 (full 4):
 PSYoungGen      total 14336K, used 4583K [0x00000000d5580000, 0x00000000d7500000, 0x0000000100000000)
  eden space 9728K, 0% used [0x00000000d5580000,0x00000000d5580000,0x00000000d5f00000)
  from space 4608K, 99% used [0x00000000d6880000,0x00000000d6cf9f88,0x00000000d6d00000)
  to   space 9728K, 0% used [0x00000000d5f00000,0x00000000d5f00000,0x00000000d6880000)
 ParOldGen       total 180224K, used 141443K [0x0000000080000000, 0x000000008b000000, 0x00000000d5580000)
  object space 180224K, 78% used [0x0000000080000000,0x0000000088a20c88,0x000000008b000000)
 Metaspace       used 87182K, committed 89088K, reserved 1179648K
  class space    used 10057K, committed 11072K, reserved 1048576K
}
Event: 7743.330 GC heap before
{Heap before GC invocations=181 (full 4):
 PSYoungGen      total 14336K, used 14311K [0x00000000d5580000, 0x00000000d7500000, 0x0000000100000000)
  eden space 9728K, 100% used [0x00000000d5580000,0x00000000d5f00000,0x00000000d5f00000)
  from space 4608K, 99% used [0x00000000d6880000,0x00000000d6cf9f88,0x00000000d6d00000)
  to   space 9728K, 0% used [0x00000000d5f00000,0x00000000d5f00000,0x00000000d6880000)
 ParOldGen       total 180224K, used 141443K [0x0000000080000000, 0x000000008b000000, 0x00000000d5580000)
  object space 180224K, 78% used [0x0000000080000000,0x0000000088a20c88,0x000000008b000000)
 Metaspace       used 87238K, committed 89088K, reserved 1179648K
  class space    used 10060K, committed 11072K, reserved 1048576K
}
Event: 7743.351 GC heap after
{Heap after GC invocations=181 (full 4):
 PSYoungGen      total 13824K, used 3666K [0x00000000d5580000, 0x00000000d6a00000, 0x0000000100000000)
  eden space 9728K, 0% used [0x00000000d5580000,0x00000000d5580000,0x00000000d5f00000)
  from space 4096K, 89% used [0x00000000d5f00000,0x00000000d6294a40,0x00000000d6300000)
  to   space 5632K, 0% used [0x00000000d6480000,0x00000000d6480000,0x00000000d6a00000)
 ParOldGen       total 180224K, used 146028K [0x0000000080000000, 0x000000008b000000, 0x00000000d5580000)
  object space 180224K, 81% used [0x0000000080000000,0x0000000088e9b348,0x000000008b000000)
 Metaspace       used 87238K, committed 89088K, reserved 1179648K
  class space    used 10060K, committed 11072K, reserved 1048576K
}
Event: 7757.857 GC heap before
{Heap before GC invocations=182 (full 4):
 PSYoungGen      total 13824K, used 13005K [0x00000000d5580000, 0x00000000d6a00000, 0x0000000100000000)
  eden space 9728K, 96% used [0x00000000d5580000,0x00000000d5e9ec70,0x00000000d5f00000)
  from space 4096K, 89% used [0x00000000d5f00000,0x00000000d6294a40,0x00000000d6300000)
  to   space 5632K, 0% used [0x00000000d6480000,0x00000000d6480000,0x00000000d6a00000)
 ParOldGen       total 180224K, used 146028K [0x0000000080000000, 0x000000008b000000, 0x00000000d5580000)
  object space 180224K, 81% used [0x0000000080000000,0x0000000088e9b348,0x000000008b000000)
 Metaspace       used 87281K, committed 89088K, reserved 1179648K
  class space    used 10064K, committed 11072K, reserved 1048576K
}
Event: 7757.945 GC heap after
{Heap after GC invocations=182 (full 4):
 PSYoungGen      total 15360K, used 5168K [0x00000000d5580000, 0x00000000d6a00000, 0x0000000100000000)
  eden space 9728K, 0% used [0x00000000d5580000,0x00000000d5580000,0x00000000d5f00000)
  from space 5632K, 91% used [0x00000000d6480000,0x00000000d698c000,0x00000000d6a00000)
  to   space 5632K, 0% used [0x00000000d5f00000,0x00000000d5f00000,0x00000000d6480000)
 ParOldGen       total 180224K, used 149657K [0x0000000080000000, 0x000000008b000000, 0x00000000d5580000)
  object space 180224K, 83% used [0x0000000080000000,0x0000000089226790,0x000000008b000000)
 Metaspace       used 87281K, committed 89088K, reserved 1179648K
  class space    used 10064K, committed 11072K, reserved 1048576K
}
Event: 7812.767 GC heap before
{Heap before GC invocations=183 (full 4):
 PSYoungGen      total 15360K, used 14892K [0x00000000d5580000, 0x00000000d6a00000, 0x0000000100000000)
  eden space 9728K, 99% used [0x00000000d5580000,0x00000000d5eff308,0x00000000d5f00000)
  from space 5632K, 91% used [0x00000000d6480000,0x00000000d698c000,0x00000000d6a00000)
  to   space 5632K, 0% used [0x00000000d5f00000,0x00000000d5f00000,0x00000000d6480000)
 ParOldGen       total 180224K, used 149657K [0x0000000080000000, 0x000000008b000000, 0x00000000d5580000)
  object space 180224K, 83% used [0x0000000080000000,0x0000000089226790,0x000000008b000000)
 Metaspace       used 87292K, committed 89088K, reserved 1179648K
  class space    used 10064K, committed 11072K, reserved 1048576K
}
Event: 7812.832 GC heap after
{Heap after GC invocations=183 (full 4):
 PSYoungGen      total 15360K, used 5623K [0x00000000d5580000, 0x00000000d7800000, 0x0000000100000000)
  eden space 9728K, 0% used [0x00000000d5580000,0x00000000d5580000,0x00000000d5f00000)
  from space 5632K, 99% used [0x00000000d5f00000,0x00000000d647df80,0x00000000d6480000)
  to   space 12800K, 0% used [0x00000000d6b80000,0x00000000d6b80000,0x00000000d7800000)
 ParOldGen       total 180224K, used 155481K [0x0000000080000000, 0x000000008b000000, 0x00000000d5580000)
  object space 180224K, 86% used [0x0000000080000000,0x00000000897d6788,0x000000008b000000)
 Metaspace       used 87292K, committed 89088K, reserved 1179648K
  class space    used 10064K, committed 11072K, reserved 1048576K
}
Event: 7995.169 GC heap before
{Heap before GC invocations=184 (full 4):
 PSYoungGen      total 15360K, used 15351K [0x00000000d5580000, 0x00000000d7800000, 0x0000000100000000)
  eden space 9728K, 100% used [0x00000000d5580000,0x00000000d5f00000,0x00000000d5f00000)
  from space 5632K, 99% used [0x00000000d5f00000,0x00000000d647df80,0x00000000d6480000)
  to   space 12800K, 0% used [0x00000000d6b80000,0x00000000d6b80000,0x00000000d7800000)
 ParOldGen       total 180224K, used 155481K [0x0000000080000000, 0x000000008b000000, 0x00000000d5580000)
  object space 180224K, 86% used [0x0000000080000000,0x00000000897d6788,0x000000008b000000)
 Metaspace       used 87333K, committed 89088K, reserved 1179648K
  class space    used 10066K, committed 11072K, reserved 1048576K
}
Event: 7995.294 GC heap after
{Heap after GC invocations=184 (full 4):
 PSYoungGen      total 11776K, used 1952K [0x00000000d5580000, 0x00000000d6d80000, 0x0000000100000000)
  eden space 9728K, 0% used [0x00000000d5580000,0x00000000d5580000,0x00000000d5f00000)
  from space 2048K, 95% used [0x00000000d6b80000,0x00000000d6d68010,0x00000000d6d80000)
  to   space 5632K, 0% used [0x00000000d6280000,0x00000000d6280000,0x00000000d6800000)
 ParOldGen       total 180224K, used 156558K [0x0000000080000000, 0x000000008b000000, 0x00000000d5580000)
  object space 180224K, 86% used [0x0000000080000000,0x00000000898e3b80,0x000000008b000000)
 Metaspace       used 87333K, committed 89088K, reserved 1179648K
  class space    used 10066K, committed 11072K, reserved 1048576K
}

