# JRE version: Java(TM) SE Runtime Environment (24.0.1+9) (build 24.0.1+9-30)
# Java VM: Java HotSpot(TM) 64-Bit Server VM (24.0.1+9-30, mixed mode, sharing, tiered, compressed oops, compressed class ptrs, g1 gc, windows-amd64)
GC Precious Log:
 CardTable entry size: 512
 Card Set container configuration: InlinePtr #cards 4 size 8 Array Of Cards #cards 32 size 80 Howl #buckets 8 coarsen threshold 7372 Howl Bitmap #cards 1024 size 144 coarsen threshold 921 Card regions per heap region 1 cards per card region 8192
 CPUs: 4 total, 4 available
 Memory: 7808M
 Large Page Support: Disabled
 NUMA Support: Disabled
 Compressed Oops: Enabled (Zero based)
 Heap Region Size: 4M
 Heap Min Capacity: 8M
 Heap Initial Capacity: 124M
 Heap Max Capacity: 8G
 Pre-touch: Disabled
 Parallel Workers: 4
 Concurrent Workers: 1
 Concurrent Refinement Workers: 4
 Periodic GC: Disabled
Heap:
 garbage-first heap   total reserved 8388608K, committed 413696K, used 337434K [0x0000000600000000, 0x0000000800000000)
  region size 4096K, 34 young (139264K), 2 survivors (8192K)
 Metaspace       used 164478K, committed 167424K, reserved 1245184K
  class space    used 18060K, committed 19392K, reserved 1048576K
GC Heap History (20 events):
Event: 259.308 GC heap before
{Heap before GC invocations=53 (full 0):
 garbage-first heap   total reserved 8388608K, committed 237568K, used 207263K [0x0000000600000000, 0x0000000800000000)
  region size 4096K, 18 young (73728K), 3 survivors (12288K)
 Metaspace       used 106725K, committed 109184K, reserved 1179648K
  class space    used 12057K, committed 13184K, reserved 1048576K
}
Event: 259.338 GC heap after
{Heap after GC invocations=54 (full 0):
 garbage-first heap   total reserved 8388608K, committed 237568K, used 150614K [0x0000000600000000, 0x0000000800000000)
  region size 4096K, 2 young (8192K), 2 survivors (8192K)
 Metaspace       used 106725K, committed 109184K, reserved 1179648K
  class space    used 12057K, committed 13184K, reserved 1048576K
}
Event: 262.905 GC heap before
{Heap before GC invocations=55 (full 0):
 garbage-first heap   total reserved 8388608K, committed 262144K, used 203862K [0x0000000600000000, 0x0000000800000000)
  region size 4096K, 16 young (65536K), 2 survivors (8192K)
 Metaspace       used 107507K, committed 109952K, reserved 1179648K
  class space    used 12108K, committed 13248K, reserved 1048576K
}
Event: 262.919 GC heap after
{Heap after GC invocations=56 (full 0):
 garbage-first heap   total reserved 8388608K, committed 262144K, used 150420K [0x0000000600000000, 0x0000000800000000)
  region size 4096K, 1 young (4096K), 1 survivors (4096K)
 Metaspace       used 107507K, committed 109952K, reserved 1179648K
  class space    used 12108K, committed 13248K, reserved 1048576K
}
Event: 268.813 GC heap before
{Heap before GC invocations=56 (full 0):
 garbage-first heap   total reserved 8388608K, committed 262144K, used 232340K [0x0000000600000000, 0x0000000800000000)
  region size 4096K, 21 young (86016K), 1 survivors (4096K)
 Metaspace       used 118057K, committed 120576K, reserved 1179648K
  class space    used 13501K, committed 14656K, reserved 1048576K
}
Event: 268.864 GC heap after
{Heap after GC invocations=57 (full 0):
 garbage-first heap   total reserved 8388608K, committed 262144K, used 158273K [0x0000000600000000, 0x0000000800000000)
  region size 4096K, 3 young (12288K), 3 survivors (12288K)
 Metaspace       used 118057K, committed 120576K, reserved 1179648K
  class space    used 13501K, committed 14656K, reserved 1048576K
}
Event: 271.875 GC heap before
{Heap before GC invocations=57 (full 0):
 garbage-first heap   total reserved 8388608K, committed 262144K, used 186945K [0x0000000600000000, 0x0000000800000000)
  region size 4096K, 11 young (45056K), 3 survivors (12288K)
 Metaspace       used 122425K, committed 124992K, reserved 1179648K
  class space    used 13954K, committed 15104K, reserved 1048576K
}
Event: 271.900 GC heap after
{Heap after GC invocations=58 (full 0):
 garbage-first heap   total reserved 8388608K, committed 262144K, used 160732K [0x0000000600000000, 0x0000000800000000)
  region size 4096K, 1 young (4096K), 1 survivors (4096K)
 Metaspace       used 122425K, committed 124992K, reserved 1179648K
  class space    used 13954K, committed 15104K, reserved 1048576K
}
Event: 274.273 GC heap before
{Heap before GC invocations=59 (full 0):
 garbage-first heap   total reserved 8388608K, committed 286720K, used 246748K [0x0000000600000000, 0x0000000800000000)
  region size 4096K, 20 young (81920K), 1 survivors (4096K)
 Metaspace       used 122822K, committed 125376K, reserved 1179648K
  class space    used 13963K, committed 15104K, reserved 1048576K
}
Event: 274.376 GC heap after
{Heap after GC invocations=60 (full 0):
 garbage-first heap   total reserved 8388608K, committed 286720K, used 182271K [0x0000000600000000, 0x0000000800000000)
  region size 4096K, 3 young (12288K), 3 survivors (12288K)
 Metaspace       used 122822K, committed 125376K, reserved 1179648K
  class space    used 13963K, committed 15104K, reserved 1048576K
}
Event: 280.141 GC heap before
{Heap before GC invocations=60 (full 0):
 garbage-first heap   total reserved 8388608K, committed 286720K, used 260095K [0x0000000600000000, 0x0000000800000000)
  region size 4096K, 20 young (81920K), 3 survivors (12288K)
 Metaspace       used 130034K, committed 132608K, reserved 1179648K
  class space    used 14574K, committed 15744K, reserved 1048576K
}
Event: 280.256 GC heap after
{Heap after GC invocations=61 (full 0):
 garbage-first heap   total reserved 8388608K, committed 290816K, used 197187K [0x0000000600000000, 0x0000000800000000)
  region size 4096K, 2 young (8192K), 2 survivors (8192K)
 Metaspace       used 130034K, committed 132608K, reserved 1179648K
  class space    used 14574K, committed 15744K, reserved 1048576K
}
Event: 283.541 GC heap before
{Heap before GC invocations=61 (full 0):
 garbage-first heap   total reserved 8388608K, committed 290816K, used 258627K [0x0000000600000000, 0x0000000800000000)
  region size 4096K, 17 young (69632K), 2 survivors (8192K)
 Metaspace       used 136502K, committed 139456K, reserved 1179648K
  class space    used 15302K, committed 16640K, reserved 1048576K
}
Event: 283.563 GC heap after
{Heap after GC invocations=62 (full 0):
 garbage-first heap   total reserved 8388608K, committed 290816K, used 200519K [0x0000000600000000, 0x0000000800000000)
  region size 4096K, 1 young (4096K), 1 survivors (4096K)
 Metaspace       used 136502K, committed 139456K, reserved 1179648K
  class space    used 15302K, committed 16640K, reserved 1048576K
}
Event: 290.389 GC heap before
{Heap before GC invocations=63 (full 0):
 garbage-first heap   total reserved 8388608K, committed 344064K, used 257863K [0x0000000600000000, 0x0000000800000000)
  region size 4096K, 16 young (65536K), 1 survivors (4096K)
 Metaspace       used 141372K, committed 144320K, reserved 1179648K
  class space    used 15848K, committed 17216K, reserved 1048576K
}
Event: 290.453 GC heap after
{Heap after GC invocations=64 (full 0):
 garbage-first heap   total reserved 8388608K, committed 344064K, used 203718K [0x0000000600000000, 0x0000000800000000)
  region size 4096K, 2 young (8192K), 2 survivors (8192K)
 Metaspace       used 141372K, committed 144320K, reserved 1179648K
  class space    used 15848K, committed 17216K, reserved 1048576K
}
Event: 300.179 GC heap before
{Heap before GC invocations=64 (full 0):
 garbage-first heap   total reserved 8388608K, committed 344064K, used 302022K [0x0000000600000000, 0x0000000800000000)
  region size 4096K, 26 young (106496K), 2 survivors (8192K)
 Metaspace       used 149584K, committed 152512K, reserved 1245184K
  class space    used 16634K, committed 17984K, reserved 1048576K
}
Event: 300.364 GC heap after
{Heap after GC invocations=65 (full 0):
 garbage-first heap   total reserved 8388608K, committed 344064K, used 210138K [0x0000000600000000, 0x0000000800000000)
  region size 4096K, 4 young (16384K), 4 survivors (16384K)
 Metaspace       used 149584K, committed 152512K, reserved 1245184K
  class space    used 16634K, committed 17984K, reserved 1048576K
}
Event: 320.319 GC heap before
{Heap before GC invocations=65 (full 0):
 garbage-first heap   total reserved 8388608K, committed 344064K, used 304346K [0x0000000600000000, 0x0000000800000000)
  region size 4096K, 27 young (110592K), 4 survivors (16384K)
 Metaspace       used 163659K, committed 166656K, reserved 1245184K
  class space    used 17945K, committed 19328K, reserved 1048576K
}
Event: 320.397 GC heap after
{Heap after GC invocations=66 (full 0):
 garbage-first heap   total reserved 8388608K, committed 413696K, used 214554K [0x0000000600000000, 0x0000000800000000)
  region size 4096K, 2 young (8192K), 2 survivors (8192K)
 Metaspace       used 163659K, committed 166656K, reserved 1245184K
  class space    used 17945K, committed 19328K, reserved 1048576K
}

