# JRE version: OpenJDK Runtime Environment Temurin-21.0.10+7 (21.0.10+7) (build 21.0.10+7-LTS)
# Java VM: OpenJDK 64-Bit Server VM Temurin-21.0.10+7 (21.0.10+7-LTS, mixed mode, sharing, tiered, compressed oops, compressed class ptrs, parallel gc, windows-amd64)
GC Precious Log:
 CardTable entry size: 512
 CPUs: 4 total, 4 available
 Memory: 7808M
 Large Page Support: Disabled
 NUMA Support: Disabled
 Compressed Oops: Enabled (32-bit)
 Alignments: Space 512K, Generation 512K, Heap 2M
 Heap Min Capacity: 100M
 Heap Initial Capacity: 100M
 Heap Max Capacity: 2G
 Pre-touch: Disabled
 Parallel Workers: 4
Heap:
 PSYoungGen      total 9216K, used 662K [0x00000000d5580000, 0x00000000d6200000, 0x0000000100000000)
  eden space 8704K, 6% used [0x00000000d5580000,0x00000000d560d838,0x00000000d5e00000)
  from space 512K, 18% used [0x00000000d6100000,0x00000000d6118000,0x00000000d6180000)
  to   space 512K, 0% used [0x00000000d6180000,0x00000000d6180000,0x00000000d6200000)
 ParOldGen       total 68608K, used 65357K [0x0000000080000000, 0x0000000084300000, 0x00000000d5580000)
  object space 68608K, 95% used [0x0000000080000000,0x0000000083fd3748,0x0000000084300000)
 Metaspace       used 71960K, committed 73600K, reserved 1114112K
  class space    used 9030K, committed 9792K, reserved 1048576K
GC Heap History (20 events):
Event: 534.236 GC heap before
{Heap before GC invocations=115 (full 3):
 PSYoungGen      total 9216K, used 8832K [0x00000000d5580000, 0x00000000d6080000, 0x0000000100000000)
  eden space 8704K, 100% used [0x00000000d5580000,0x00000000d5e00000,0x00000000d5e00000)
  from space 512K, 25% used [0x00000000d5e00000,0x00000000d5e20000,0x00000000d5e80000)
  to   space 512K, 0% used [0x00000000d6000000,0x00000000d6000000,0x00000000d6080000)
 ParOldGen       total 68608K, used 62953K [0x0000000080000000, 0x0000000084300000, 0x00000000d5580000)
  object space 68608K, 91% used [0x0000000080000000,0x0000000083d7a7f0,0x0000000084300000)
 Metaspace       used 70474K, committed 72064K, reserved 1114112K
  class space    used 8872K, committed 9600K, reserved 1048576K
}
Event: 534.237 GC heap after
{Heap after GC invocations=115 (full 3):
 PSYoungGen      total 9216K, used 96K [0x00000000d5580000, 0x00000000d6080000, 0x0000000100000000)
  eden space 8704K, 0% used [0x00000000d5580000,0x00000000d5580000,0x00000000d5e00000)
  from space 512K, 18% used [0x00000000d6000000,0x00000000d6018000,0x00000000d6080000)
  to   space 512K, 0% used [0x00000000d5e00000,0x00000000d5e00000,0x00000000d5e80000)
 ParOldGen       total 68608K, used 62961K [0x0000000080000000, 0x0000000084300000, 0x00000000d5580000)
  object space 68608K, 91% used [0x0000000080000000,0x0000000083d7c7f0,0x0000000084300000)
 Metaspace       used 70474K, committed 72064K, reserved 1114112K
  class space    used 8872K, committed 9600K, reserved 1048576K
}
Event: 536.862 GC heap before
{Heap before GC invocations=116 (full 3):
 PSYoungGen      total 9216K, used 8800K [0x00000000d5580000, 0x00000000d6080000, 0x0000000100000000)
  eden space 8704K, 100% used [0x00000000d5580000,0x00000000d5e00000,0x00000000d5e00000)
  from space 512K, 18% used [0x00000000d6000000,0x00000000d6018000,0x00000000d6080000)
  to   space 512K, 0% used [0x00000000d5e00000,0x00000000d5e00000,0x00000000d5e80000)
 ParOldGen       total 68608K, used 62961K [0x0000000080000000, 0x0000000084300000, 0x00000000d5580000)
  object space 68608K, 91% used [0x0000000080000000,0x0000000083d7c7f0,0x0000000084300000)
 Metaspace       used 70474K, committed 72064K, reserved 1114112K
  class space    used 8872K, committed 9600K, reserved 1048576K
}
Event: 536.865 GC heap after
{Heap after GC invocations=116 (full 3):
 PSYoungGen      total 9216K, used 128K [0x00000000d5580000, 0x00000000d6080000, 0x0000000100000000)
  eden space 8704K, 0% used [0x00000000d5580000,0x00000000d5580000,0x00000000d5e00000)
  from space 512K, 25% used [0x00000000d5e00000,0x00000000d5e20000,0x00000000d5e80000)
  to   space 512K, 0% used [0x00000000d6000000,0x00000000d6000000,0x00000000d6080000)
 ParOldGen       total 68608K, used 62961K [0x0000000080000000, 0x0000000084300000, 0x00000000d5580000)
  object space 68608K, 91% used [0x0000000080000000,0x0000000083d7c7f0,0x0000000084300000)
 Metaspace       used 70474K, committed 72064K, reserved 1114112K
  class space    used 8872K, committed 9600K, reserved 1048576K
}
Event: 557.623 GC heap before
{Heap before GC invocations=117 (full 3):
 PSYoungGen      total 9216K, used 8832K [0x00000000d5580000, 0x00000000d6080000, 0x0000000100000000)
  eden space 8704K, 100% used [0x00000000d5580000,0x00000000d5e00000,0x00000000d5e00000)
  from space 512K, 25% used [0x00000000d5e00000,0x00000000d5e20000,0x00000000d5e80000)
  to   space 512K, 0% used [0x00000000d6000000,0x00000000d6000000,0x00000000d6080000)
 ParOldGen       total 68608K, used 62961K [0x0000000080000000, 0x0000000084300000, 0x00000000d5580000)
  object space 68608K, 91% used [0x0000000080000000,0x0000000083d7c7f0,0x0000000084300000)
 Metaspace       used 70483K, committed 72064K, reserved 1114112K
  class space    used 8873K, committed 9600K, reserved 1048576K
}
Event: 557.630 GC heap after
{Heap after GC invocations=117 (full 3):
 PSYoungGen      total 9216K, used 96K [0x00000000d5580000, 0x00000000d6080000, 0x0000000100000000)
  eden space 8704K, 0% used [0x00000000d5580000,0x00000000d5580000,0x00000000d5e00000)
  from space 512K, 18% used [0x00000000d6000000,0x00000000d6018000,0x00000000d6080000)
  to   space 512K, 0% used [0x00000000d5e00000,0x00000000d5e00000,0x00000000d5e80000)
 ParOldGen       total 68608K, used 62961K [0x0000000080000000, 0x0000000084300000, 0x00000000d5580000)
  object space 68608K, 91% used [0x0000000080000000,0x0000000083d7c7f0,0x0000000084300000)
 Metaspace       used 70483K, committed 72064K, reserved 1114112K
  class space    used 8873K, committed 9600K, reserved 1048576K
}
Event: 657.518 GC heap before
{Heap before GC invocations=118 (full 3):
 PSYoungGen      total 9216K, used 8800K [0x00000000d5580000, 0x00000000d6080000, 0x0000000100000000)
  eden space 8704K, 100% used [0x00000000d5580000,0x00000000d5e00000,0x00000000d5e00000)
  from space 512K, 18% used [0x00000000d6000000,0x00000000d6018000,0x00000000d6080000)
  to   space 512K, 0% used [0x00000000d5e00000,0x00000000d5e00000,0x00000000d5e80000)
 ParOldGen       total 68608K, used 62961K [0x0000000080000000, 0x0000000084300000, 0x00000000d5580000)
  object space 68608K, 91% used [0x0000000080000000,0x0000000083d7c7f0,0x0000000084300000)
 Metaspace       used 70562K, committed 72128K, reserved 1114112K
  class space    used 8884K, committed 9600K, reserved 1048576K
}
Event: 657.622 GC heap after
{Heap after GC invocations=118 (full 3):
 PSYoungGen      total 9216K, used 208K [0x00000000d5580000, 0x00000000d6080000, 0x0000000100000000)
  eden space 8704K, 0% used [0x00000000d5580000,0x00000000d5580000,0x00000000d5e00000)
  from space 512K, 40% used [0x00000000d5e00000,0x00000000d5e34010,0x00000000d5e80000)
  to   space 512K, 0% used [0x00000000d6000000,0x00000000d6000000,0x00000000d6080000)
 ParOldGen       total 68608K, used 62985K [0x0000000080000000, 0x0000000084300000, 0x00000000d5580000)
  object space 68608K, 91% used [0x0000000080000000,0x0000000083d827f0,0x0000000084300000)
 Metaspace       used 70562K, committed 72128K, reserved 1114112K
  class space    used 8884K, committed 9600K, reserved 1048576K
}
Event: 726.686 GC heap before
{Heap before GC invocations=119 (full 3):
 PSYoungGen      total 9216K, used 8912K [0x00000000d5580000, 0x00000000d6080000, 0x0000000100000000)
  eden space 8704K, 99% used [0x00000000d5580000,0x00000000d5dffff8,0x00000000d5e00000)
  from space 512K, 40% used [0x00000000d5e00000,0x00000000d5e34010,0x00000000d5e80000)
  to   space 512K, 0% used [0x00000000d6000000,0x00000000d6000000,0x00000000d6080000)
 ParOldGen       total 68608K, used 62985K [0x0000000080000000, 0x0000000084300000, 0x00000000d5580000)
  object space 68608K, 91% used [0x0000000080000000,0x0000000083d827f0,0x0000000084300000)
 Metaspace       used 71026K, committed 72576K, reserved 1114112K
  class space    used 8938K, committed 9664K, reserved 1048576K
}
Event: 726.816 GC heap after
{Heap after GC invocations=119 (full 3):
 PSYoungGen      total 9216K, used 504K [0x00000000d5580000, 0x00000000d6080000, 0x0000000100000000)
  eden space 8704K, 0% used [0x00000000d5580000,0x00000000d5580000,0x00000000d5e00000)
  from space 512K, 98% used [0x00000000d6000000,0x00000000d607e1a8,0x00000000d6080000)
  to   space 1024K, 0% used [0x00000000d5e80000,0x00000000d5e80000,0x00000000d5f80000)
 ParOldGen       total 68608K, used 63017K [0x0000000080000000, 0x0000000084300000, 0x00000000d5580000)
  object space 68608K, 91% used [0x0000000080000000,0x0000000083d8a7f0,0x0000000084300000)
 Metaspace       used 71026K, committed 72576K, reserved 1114112K
  class space    used 8938K, committed 9664K, reserved 1048576K
}
Event: 729.581 GC heap before
{Heap before GC invocations=120 (full 3):
 PSYoungGen      total 9216K, used 9208K [0x00000000d5580000, 0x00000000d6080000, 0x0000000100000000)
  eden space 8704K, 100% used [0x00000000d5580000,0x00000000d5e00000,0x00000000d5e00000)
  from space 512K, 98% used [0x00000000d6000000,0x00000000d607e1a8,0x00000000d6080000)
  to   space 1024K, 0% used [0x00000000d5e80000,0x00000000d5e80000,0x00000000d5f80000)
 ParOldGen       total 68608K, used 63017K [0x0000000080000000, 0x0000000084300000, 0x00000000d5580000)
  object space 68608K, 91% used [0x0000000080000000,0x0000000083d8a7f0,0x0000000084300000)
 Metaspace       used 71478K, committed 73088K, reserved 1114112K
  class space    used 8979K, committed 9728K, reserved 1048576K
}
Event: 729.688 GC heap after
{Heap after GC invocations=120 (full 3):
 PSYoungGen      total 9728K, used 1023K [0x00000000d5580000, 0x00000000d6500000, 0x0000000100000000)
  eden space 8704K, 0% used [0x00000000d5580000,0x00000000d5580000,0x00000000d5e00000)
  from space 1024K, 99% used [0x00000000d5e80000,0x00000000d5f7fec8,0x00000000d5f80000)
  to   space 3584K, 0% used [0x00000000d6180000,0x00000000d6180000,0x00000000d6500000)
 ParOldGen       total 68608K, used 64908K [0x0000000080000000, 0x0000000084300000, 0x00000000d5580000)
  object space 68608K, 94% used [0x0000000080000000,0x0000000083f630b0,0x0000000084300000)
 Metaspace       used 71478K, committed 73088K, reserved 1114112K
  class space    used 8979K, committed 9728K, reserved 1048576K
}
Event: 734.707 GC heap before
{Heap before GC invocations=121 (full 3):
 PSYoungGen      total 9728K, used 9727K [0x00000000d5580000, 0x00000000d6500000, 0x0000000100000000)
  eden space 8704K, 100% used [0x00000000d5580000,0x00000000d5e00000,0x00000000d5e00000)
  from space 1024K, 99% used [0x00000000d5e80000,0x00000000d5f7fec8,0x00000000d5f80000)
  to   space 3584K, 0% used [0x00000000d6180000,0x00000000d6180000,0x00000000d6500000)
 ParOldGen       total 68608K, used 64908K [0x0000000080000000, 0x0000000084300000, 0x00000000d5580000)
  object space 68608K, 94% used [0x0000000080000000,0x0000000083f630b0,0x0000000084300000)
 Metaspace       used 71919K, committed 73536K, reserved 1114112K
  class space    used 9026K, committed 9728K, reserved 1048576K
}
Event: 734.713 GC heap after
{Heap after GC invocations=121 (full 3):
 PSYoungGen      total 9216K, used 352K [0x00000000d5580000, 0x00000000d6200000, 0x0000000100000000)
  eden space 8704K, 0% used [0x00000000d5580000,0x00000000d5580000,0x00000000d5e00000)
  from space 512K, 68% used [0x00000000d6180000,0x00000000d61d8000,0x00000000d6200000)
  to   space 1536K, 0% used [0x00000000d5f00000,0x00000000d5f00000,0x00000000d6080000)
 ParOldGen       total 68608K, used 65096K [0x0000000080000000, 0x0000000084300000, 0x00000000d5580000)
  object space 68608K, 94% used [0x0000000080000000,0x0000000083f92340,0x0000000084300000)
 Metaspace       used 71919K, committed 73536K, reserved 1114112K
  class space    used 9026K, committed 9728K, reserved 1048576K
}
Event: 801.391 GC heap before
{Heap before GC invocations=122 (full 3):
 PSYoungGen      total 9216K, used 9056K [0x00000000d5580000, 0x00000000d6200000, 0x0000000100000000)
  eden space 8704K, 100% used [0x00000000d5580000,0x00000000d5e00000,0x00000000d5e00000)
  from space 512K, 68% used [0x00000000d6180000,0x00000000d61d8000,0x00000000d6200000)
  to   space 1536K, 0% used [0x00000000d5f00000,0x00000000d5f00000,0x00000000d6080000)
 ParOldGen       total 68608K, used 65096K [0x0000000080000000, 0x0000000084300000, 0x00000000d5580000)
  object space 68608K, 94% used [0x0000000080000000,0x0000000083f92340,0x0000000084300000)
 Metaspace       used 71931K, committed 73536K, reserved 1114112K
  class space    used 9027K, committed 9728K, reserved 1048576K
}
Event: 801.432 GC heap after
{Heap after GC invocations=122 (full 3):
 PSYoungGen      total 10240K, used 144K [0x00000000d5580000, 0x00000000d6200000, 0x0000000100000000)
  eden space 8704K, 0% used [0x00000000d5580000,0x00000000d5580000,0x00000000d5e00000)
  from space 1536K, 9% used [0x00000000d5f00000,0x00000000d5f24010,0x00000000d6080000)
  to   space 512K, 0% used [0x00000000d6180000,0x00000000d6180000,0x00000000d6200000)
 ParOldGen       total 68608K, used 65269K [0x0000000080000000, 0x0000000084300000, 0x00000000d5580000)
  object space 68608K, 95% used [0x0000000080000000,0x0000000083fbd708,0x0000000084300000)
 Metaspace       used 71931K, committed 73536K, reserved 1114112K
  class space    used 9027K, committed 9728K, reserved 1048576K
}
Event: 827.843 GC heap before
{Heap before GC invocations=123 (full 3):
 PSYoungGen      total 10240K, used 8848K [0x00000000d5580000, 0x00000000d6200000, 0x0000000100000000)
  eden space 8704K, 100% used [0x00000000d5580000,0x00000000d5e00000,0x00000000d5e00000)
  from space 1536K, 9% used [0x00000000d5f00000,0x00000000d5f24010,0x00000000d6080000)
  to   space 512K, 0% used [0x00000000d6180000,0x00000000d6180000,0x00000000d6200000)
 ParOldGen       total 68608K, used 65269K [0x0000000080000000, 0x0000000084300000, 0x00000000d5580000)
  object space 68608K, 95% used [0x0000000080000000,0x0000000083fbd708,0x0000000084300000)
 Metaspace       used 71931K, committed 73536K, reserved 1114112K
  class space    used 9027K, committed 9728K, reserved 1048576K
}
Event: 827.849 GC heap after
{Heap after GC invocations=123 (full 3):
 PSYoungGen      total 9216K, used 96K [0x00000000d5580000, 0x00000000d6200000, 0x0000000100000000)
  eden space 8704K, 0% used [0x00000000d5580000,0x00000000d5580000,0x00000000d5e00000)
  from space 512K, 18% used [0x00000000d6180000,0x00000000d6198000,0x00000000d6200000)
  to   space 512K, 0% used [0x00000000d6100000,0x00000000d6100000,0x00000000d6180000)
 ParOldGen       total 68608K, used 65341K [0x0000000080000000, 0x0000000084300000, 0x00000000d5580000)
  object space 68608K, 95% used [0x0000000080000000,0x0000000083fcf748,0x0000000084300000)
 Metaspace       used 71931K, committed 73536K, reserved 1114112K
  class space    used 9027K, committed 9728K, reserved 1048576K
}
Event: 842.872 GC heap before
{Heap before GC invocations=124 (full 3):
 PSYoungGen      total 9216K, used 8800K [0x00000000d5580000, 0x00000000d6200000, 0x0000000100000000)
  eden space 8704K, 100% used [0x00000000d5580000,0x00000000d5e00000,0x00000000d5e00000)
  from space 512K, 18% used [0x00000000d6180000,0x00000000d6198000,0x00000000d6200000)
  to   space 512K, 0% used [0x00000000d6100000,0x00000000d6100000,0x00000000d6180000)
 ParOldGen       total 68608K, used 65341K [0x0000000080000000, 0x0000000084300000, 0x00000000d5580000)
  object space 68608K, 95% used [0x0000000080000000,0x0000000083fcf748,0x0000000084300000)
 Metaspace       used 71938K, committed 73600K, reserved 1114112K
  class space    used 9028K, committed 9792K, reserved 1048576K
}
Event: 842.877 GC heap after
{Heap after GC invocations=124 (full 3):
 PSYoungGen      total 9216K, used 96K [0x00000000d5580000, 0x00000000d6200000, 0x0000000100000000)
  eden space 8704K, 0% used [0x00000000d5580000,0x00000000d5580000,0x00000000d5e00000)
  from space 512K, 18% used [0x00000000d6100000,0x00000000d6118000,0x00000000d6180000)
  to   space 512K, 0% used [0x00000000d6180000,0x00000000d6180000,0x00000000d6200000)
 ParOldGen       total 68608K, used 65357K [0x0000000080000000, 0x0000000084300000, 0x00000000d5580000)
  object space 68608K, 95% used [0x0000000080000000,0x0000000083fd3748,0x0000000084300000)
 Metaspace       used 71938K, committed 73600K, reserved 1114112K
  class space    used 9028K, committed 9792K, reserved 1048576K
}

