# JRE version: Java(TM) SE Runtime Environment (24.0.1+9) (build 24.0.1+9-30)
# Java VM: Java HotSpot(TM) 64-Bit Server VM (24.0.1+9-30, mixed mode, sharing, tiered, compressed oops, compressed class ptrs, g1 gc, windows-amd64)
GC Precious Log:
 CardTable entry size: 512
 Card Set container configuration: InlinePtr #cards 5 size 8 Array Of Cards #cards 10 size 36 Howl #buckets 4 coarsen threshold 1843 Howl Bitmap #cards 512 size 80 coarsen threshold 460 Card regions per heap region 1 cards per card region 2048
 CPUs: 4 total, 4 available
 Memory: 7808M
 Large Page Support: Disabled
 NUMA Support: Disabled
 Compressed Oops: Enabled (32-bit)
 Heap Region Size: 1M
 Heap Min Capacity: 8M
 Heap Initial Capacity: 124M
 Heap Max Capacity: 1954M
 Pre-touch: Disabled
 Parallel Workers: 4
 Concurrent Workers: 1
 Concurrent Refinement Workers: 4
 Periodic GC: Disabled
Heap:
 garbage-first heap   total reserved 2000896K, committed 155648K, used 106496K [0x0000000085e00000, 0x0000000100000000)
  region size 1024K, 17 young (17408K), 7 survivors (7168K)
 Metaspace       used 79125K, committed 80128K, reserved 1179648K
  class space    used 7268K, committed 7744K, reserved 1048576K
GC Heap History (20 events):
Event: 99.751 GC heap before
{Heap before GC invocations=17 (full 0):
 garbage-first heap   total reserved 2000896K, committed 114688K, used 102852K [0x0000000085e00000, 0x0000000100000000)
  region size 1024K, 33 young (33792K), 3 survivors (3072K)
 Metaspace       used 55229K, committed 56128K, reserved 1114112K
  class space    used 5492K, committed 5952K, reserved 1048576K
}
Event: 99.778 GC heap after
{Heap after GC invocations=18 (full 0):
 garbage-first heap   total reserved 2000896K, committed 114688K, used 73503K [0x0000000085e00000, 0x0000000100000000)
  region size 1024K, 5 young (5120K), 5 survivors (5120K)
 Metaspace       used 55229K, committed 56128K, reserved 1114112K
  class space    used 5492K, committed 5952K, reserved 1048576K
}
Event: 109.281 GC heap before
{Heap before GC invocations=18 (full 0):
 garbage-first heap   total reserved 2000896K, committed 114688K, used 102175K [0x0000000085e00000, 0x0000000100000000)
  region size 1024K, 33 young (33792K), 5 survivors (5120K)
 Metaspace       used 55695K, committed 56640K, reserved 1114112K
  class space    used 5514K, committed 5952K, reserved 1048576K
}
Event: 109.315 GC heap after
{Heap after GC invocations=19 (full 0):
 garbage-first heap   total reserved 2000896K, committed 114688K, used 77495K [0x0000000085e00000, 0x0000000100000000)
  region size 1024K, 4 young (4096K), 4 survivors (4096K)
 Metaspace       used 55695K, committed 56640K, reserved 1114112K
  class space    used 5514K, committed 5952K, reserved 1048576K
}
Event: 115.967 GC heap before
{Heap before GC invocations=20 (full 0):
 garbage-first heap   total reserved 2000896K, committed 130048K, used 105143K [0x0000000085e00000, 0x0000000100000000)
  region size 1024K, 29 young (29696K), 4 survivors (4096K)
 Metaspace       used 56009K, committed 56896K, reserved 1114112K
  class space    used 5533K, committed 5952K, reserved 1048576K
}
Event: 115.985 GC heap after
{Heap after GC invocations=21 (full 0):
 garbage-first heap   total reserved 2000896K, committed 130048K, used 82469K [0x0000000085e00000, 0x0000000100000000)
  region size 1024K, 3 young (3072K), 3 survivors (3072K)
 Metaspace       used 56009K, committed 56896K, reserved 1114112K
  class space    used 5533K, committed 5952K, reserved 1048576K
}
Event: 124.703 GC heap before
{Heap before GC invocations=21 (full 0):
 garbage-first heap   total reserved 2000896K, committed 130048K, used 117285K [0x0000000085e00000, 0x0000000100000000)
  region size 1024K, 37 young (37888K), 3 survivors (3072K)
 Metaspace       used 56465K, committed 57344K, reserved 1114112K
  class space    used 5571K, committed 6016K, reserved 1048576K
}
Event: 124.730 GC heap after
{Heap after GC invocations=22 (full 0):
 garbage-first heap   total reserved 2000896K, committed 130048K, used 85053K [0x0000000085e00000, 0x0000000100000000)
  region size 1024K, 4 young (4096K), 4 survivors (4096K)
 Metaspace       used 56465K, committed 57344K, reserved 1114112K
  class space    used 5571K, committed 6016K, reserved 1048576K
}
Event: 134.862 GC heap before
{Heap before GC invocations=22 (full 0):
 garbage-first heap   total reserved 2000896K, committed 130048K, used 117821K [0x0000000085e00000, 0x0000000100000000)
  region size 1024K, 36 young (36864K), 4 survivors (4096K)
 Metaspace       used 56869K, committed 57792K, reserved 1114112K
  class space    used 5598K, committed 6016K, reserved 1048576K
}
Event: 134.882 GC heap after
{Heap after GC invocations=23 (full 0):
 garbage-first heap   total reserved 2000896K, committed 130048K, used 87889K [0x0000000085e00000, 0x0000000100000000)
  region size 1024K, 3 young (3072K), 3 survivors (3072K)
 Metaspace       used 56869K, committed 57792K, reserved 1114112K
  class space    used 5598K, committed 6016K, reserved 1048576K
}
Event: 146.850 GC heap before
{Heap before GC invocations=24 (full 0):
 garbage-first heap   total reserved 2000896K, committed 147456K, used 118609K [0x0000000085e00000, 0x0000000100000000)
  region size 1024K, 33 young (33792K), 3 survivors (3072K)
 Metaspace       used 57962K, committed 58880K, reserved 1114112K
  class space    used 5694K, committed 6144K, reserved 1048576K
}
Event: 146.865 GC heap after
{Heap after GC invocations=25 (full 0):
 garbage-first heap   total reserved 2000896K, committed 147456K, used 89756K [0x0000000085e00000, 0x0000000100000000)
  region size 1024K, 2 young (2048K), 2 survivors (2048K)
 Metaspace       used 57962K, committed 58880K, reserved 1114112K
  class space    used 5694K, committed 6144K, reserved 1048576K
}
Event: 157.956 GC heap before
{Heap before GC invocations=25 (full 0):
 garbage-first heap   total reserved 2000896K, committed 147456K, used 134812K [0x0000000085e00000, 0x0000000100000000)
  region size 1024K, 46 young (47104K), 2 survivors (2048K)
 Metaspace       used 62766K, committed 63744K, reserved 1114112K
  class space    used 6085K, committed 6528K, reserved 1048576K
}
Event: 157.975 GC heap after
{Heap after GC invocations=26 (full 0):
 garbage-first heap   total reserved 2000896K, committed 147456K, used 91175K [0x0000000085e00000, 0x0000000100000000)
  region size 1024K, 5 young (5120K), 5 survivors (5120K)
 Metaspace       used 62766K, committed 63744K, reserved 1114112K
  class space    used 6085K, committed 6528K, reserved 1048576K
}
Event: 182.564 GC heap before
{Heap before GC invocations=26 (full 0):
 garbage-first heap   total reserved 2000896K, committed 147456K, used 133159K [0x0000000085e00000, 0x0000000100000000)
  region size 1024K, 46 young (47104K), 5 survivors (5120K)
 Metaspace       used 69030K, committed 70016K, reserved 1114112K
  class space    used 6573K, committed 7040K, reserved 1048576K
}
Event: 182.594 GC heap after
{Heap after GC invocations=27 (full 0):
 garbage-first heap   total reserved 2000896K, committed 147456K, used 94783K [0x0000000085e00000, 0x0000000100000000)
  region size 1024K, 6 young (6144K), 6 survivors (6144K)
 Metaspace       used 69030K, committed 70016K, reserved 1114112K
  class space    used 6573K, committed 7040K, reserved 1048576K
}
Event: 194.665 GC heap before
{Heap before GC invocations=28 (full 0):
 garbage-first heap   total reserved 2000896K, committed 155648K, used 129599K [0x0000000085e00000, 0x0000000100000000)
  region size 1024K, 42 young (43008K), 6 survivors (6144K)
 Metaspace       used 73814K, committed 74816K, reserved 1179648K
  class space    used 6895K, committed 7360K, reserved 1048576K
}
Event: 194.697 GC heap after
{Heap after GC invocations=29 (full 0):
 garbage-first heap   total reserved 2000896K, committed 155648K, used 95246K [0x0000000085e00000, 0x0000000100000000)
  region size 1024K, 4 young (4096K), 4 survivors (4096K)
 Metaspace       used 73814K, committed 74816K, reserved 1179648K
  class space    used 6895K, committed 7360K, reserved 1048576K
}
Event: 202.849 GC heap before
{Heap before GC invocations=29 (full 0):
 garbage-first heap   total reserved 2000896K, committed 155648K, used 141326K [0x0000000085e00000, 0x0000000100000000)
  region size 1024K, 49 young (50176K), 4 survivors (4096K)
 Metaspace       used 78906K, committed 79936K, reserved 1179648K
  class space    used 7261K, committed 7744K, reserved 1048576K
}
Event: 202.880 GC heap after
{Heap after GC invocations=30 (full 0):
 garbage-first heap   total reserved 2000896K, committed 155648K, used 97280K [0x0000000085e00000, 0x0000000100000000)
  region size 1024K, 7 young (7168K), 7 survivors (7168K)
 Metaspace       used 78906K, committed 79936K, reserved 1179648K
  class space    used 7261K, committed 7744K, reserved 1048576K
}

